<?xml version="1.0" encoding="UTF-8"?>
<!-- Generated by org.testng.reporters.JUnitReportReporter -->
<testsuite skipped="0" hostname="SadguruSF" name="academy.ValidateNavigationBarTest" tests="1" failures="0" timestamp="05 Jan 2019 16:48:16 GMT" time="0.205" errors="0">
  <testcase name="navigationBar" time="0.205" classname="academy.ValidateNavigationBarTest"/>
</testsuite> <!-- academy.ValidateNavigationBarTest -->
