<?xml version="1.0" encoding="UTF-8"?>
<!-- Generated by org.testng.reporters.JUnitReportReporter -->
<testsuite skipped="0" hostname="SadguruSF" name="academy.ValidateTitle" tests="2" failures="0" timestamp="30 Dec 2018 08:15:12 GMT" time="40.302" errors="0">
  <testcase name="navigationBar" time="21.129" classname="academy.ValidateTitle"/>
  <testcase name="basePageNavigation" time="19.173" classname="academy.ValidateTitle"/>
</testsuite> <!-- academy.ValidateTitle -->
