<?xml version="1.0" encoding="UTF-8"?>
<!-- Generated by org.testng.reporters.JUnitReportReporter -->
<testsuite skipped="0" hostname="SadguruSF" name="academy.HomePage" tests="3" failures="0" timestamp="30 Dec 2018 06:37:31 GMT" time="118.241" errors="0">
  <testcase name="basePageNavigation" time="44.303" classname="academy.HomePage"/>
  <testcase name="basePageNavigation" time="35.004" classname="academy.HomePage"/>
  <testcase name="basePageNavigation" time="38.934" classname="academy.HomePage"/>
</testsuite> <!-- academy.HomePage -->
