<?xml version="1.0" encoding="UTF-8"?>
<!-- Generated by org.testng.reporters.JUnitReportReporter -->
<testsuite skipped="0" hostname="SadguruSF" name="academy.HomePageTest" tests="3" failures="0" timestamp="05 Jan 2019 16:48:16 GMT" time="158.921" errors="0">
  <testcase name="basePageNavigation" time="45.847" classname="academy.HomePageTest"/>
  <testcase name="basePageNavigation" time="51.204" classname="academy.HomePageTest"/>
  <testcase name="basePageNavigation" time="61.870" classname="academy.HomePageTest"/>
</testsuite> <!-- academy.HomePageTest -->
