<?xml version="1.0" encoding="UTF-8"?>
<!-- Generated by org.testng.reporters.JUnitReportReporter -->
<testsuite skipped="0" hostname="SadguruSF" name="academy.ValidateTitleTest" tests="1" failures="0" timestamp="06 Jan 2019 03:24:55 GMT" time="0.240" errors="0">
  <testcase name="basePageNavigation" time="0.240" classname="academy.ValidateTitleTest"/>
</testsuite> <!-- academy.ValidateTitleTest -->
