<?xml version="1.0" encoding="UTF-8"?>
<!-- Generated by org.testng.reporters.JUnitReportReporter -->
<testsuite skipped="0" hostname="SadguruSF" name="academy.ValidateNavigationBarTest" tests="1" failures="0" timestamp="06 Jan 2019 03:24:55 GMT" time="0.167" errors="0">
  <testcase name="navigationBar" time="0.167" classname="academy.ValidateNavigationBarTest"/>
</testsuite> <!-- academy.ValidateNavigationBarTest -->
