<?xml version="1.0" encoding="UTF-8"?>
<!-- Generated by org.testng.reporters.JUnitReportReporter -->
<testsuite skipped="0" hostname="SadguruSF" name="academy.HomePageTest" tests="3" failures="0" timestamp="06 Jan 2019 03:24:55 GMT" time="144.918" errors="0">
  <testcase name="basePageNavigLogin" time="46.114" classname="academy.HomePageTest"/>
  <testcase name="basePageNavigLogin" time="47.697" classname="academy.HomePageTest"/>
  <testcase name="basePageNavigLogin" time="51.107" classname="academy.HomePageTest"/>
</testsuite> <!-- academy.HomePageTest -->
